LewDos WIndows Kernel v1.0.c(31,5): warning : 'sscanf' is deprecated: This function or variable may be unsafe. Consider using sscanf_s instead. To disable deprecation, use _CRT_SECURE_NO_WARNINGS. See online help for details. [-Wdeprecated-declarations]
C:\Program Files (x86)\Windows Kits\10\Include\10.0.19041.0\ucrt\stdio.h(2239,20): message : 'sscanf' has been explicitly marked deprecated here
C:\Program Files (x86)\Microsoft Visual Studio\2019\Community\VC\Tools\MSVC\14.29.30133\include\vcruntime.h(320,55): message : expanded from macro '_CRT_INSECURE_DEPRECATE'
C:\Program Files (x86)\Microsoft Visual Studio\2019\Community\VC\Tools\MSVC\14.29.30133\include\vcruntime.h(310,47): message : expanded from macro '_CRT_DEPRECATE_TEXT'
LewDos WIndows Kernel v1.0.c(50,5): warning : 'sscanf' is deprecated: This function or variable may be unsafe. Consider using sscanf_s instead. To disable deprecation, use _CRT_SECURE_NO_WARNINGS. See online help for details. [-Wdeprecated-declarations]
C:\Program Files (x86)\Windows Kits\10\Include\10.0.19041.0\ucrt\stdio.h(2239,20): message : 'sscanf' has been explicitly marked deprecated here
C:\Program Files (x86)\Microsoft Visual Studio\2019\Community\VC\Tools\MSVC\14.29.30133\include\vcruntime.h(320,55): message : expanded from macro '_CRT_INSECURE_DEPRECATE'
C:\Program Files (x86)\Microsoft Visual Studio\2019\Community\VC\Tools\MSVC\14.29.30133\include\vcruntime.h(310,47): message : expanded from macro '_CRT_DEPRECATE_TEXT'
LewDos WIndows Kernel v1.0.c(59,9): warning : 'sscanf' is deprecated: This function or variable may be unsafe. Consider using sscanf_s instead. To disable deprecation, use _CRT_SECURE_NO_WARNINGS. See online help for details. [-Wdeprecated-declarations]
C:\Program Files (x86)\Windows Kits\10\Include\10.0.19041.0\ucrt\stdio.h(2239,20): message : 'sscanf' has been explicitly marked deprecated here
C:\Program Files (x86)\Microsoft Visual Studio\2019\Community\VC\Tools\MSVC\14.29.30133\include\vcruntime.h(320,55): message : expanded from macro '_CRT_INSECURE_DEPRECATE'
C:\Program Files (x86)\Microsoft Visual Studio\2019\Community\VC\Tools\MSVC\14.29.30133\include\vcruntime.h(310,47): message : expanded from macro '_CRT_DEPRECATE_TEXT'
LewDos WIndows Kernel v1.0.c(67,9): warning : 'sscanf' is deprecated: This function or variable may be unsafe. Consider using sscanf_s instead. To disable deprecation, use _CRT_SECURE_NO_WARNINGS. See online help for details. [-Wdeprecated-declarations]
C:\Program Files (x86)\Windows Kits\10\Include\10.0.19041.0\ucrt\stdio.h(2239,20): message : 'sscanf' has been explicitly marked deprecated here
C:\Program Files (x86)\Microsoft Visual Studio\2019\Community\VC\Tools\MSVC\14.29.30133\include\vcruntime.h(320,55): message : expanded from macro '_CRT_INSECURE_DEPRECATE'
C:\Program Files (x86)\Microsoft Visual Studio\2019\Community\VC\Tools\MSVC\14.29.30133\include\vcruntime.h(310,47): message : expanded from macro '_CRT_DEPRECATE_TEXT'
LewDos WIndows Kernel v1.0.c(71,9): warning : 'sscanf' is deprecated: This function or variable may be unsafe. Consider using sscanf_s instead. To disable deprecation, use _CRT_SECURE_NO_WARNINGS. See online help for details. [-Wdeprecated-declarations]
C:\Program Files (x86)\Windows Kits\10\Include\10.0.19041.0\ucrt\stdio.h(2239,20): message : 'sscanf' has been explicitly marked deprecated here
C:\Program Files (x86)\Microsoft Visual Studio\2019\Community\VC\Tools\MSVC\14.29.30133\include\vcruntime.h(320,55): message : expanded from macro '_CRT_INSECURE_DEPRECATE'
C:\Program Files (x86)\Microsoft Visual Studio\2019\Community\VC\Tools\MSVC\14.29.30133\include\vcruntime.h(310,47): message : expanded from macro '_CRT_DEPRECATE_TEXT'
LewDos WIndows Kernel v1.0.c(77,16): warning : incompatible integer to pointer conversion returning 'int' from a function with result type 'int *' [-Wint-conversion]
LewDos WIndows Kernel v1.0.c(81,9): warning : 'sscanf' is deprecated: This function or variable may be unsafe. Consider using sscanf_s instead. To disable deprecation, use _CRT_SECURE_NO_WARNINGS. See online help for details. [-Wdeprecated-declarations]
C:\Program Files (x86)\Windows Kits\10\Include\10.0.19041.0\ucrt\stdio.h(2239,20): message : 'sscanf' has been explicitly marked deprecated here
C:\Program Files (x86)\Microsoft Visual Studio\2019\Community\VC\Tools\MSVC\14.29.30133\include\vcruntime.h(320,55): message : expanded from macro '_CRT_INSECURE_DEPRECATE'
C:\Program Files (x86)\Microsoft Visual Studio\2019\Community\VC\Tools\MSVC\14.29.30133\include\vcruntime.h(310,47): message : expanded from macro '_CRT_DEPRECATE_TEXT'
LewDos WIndows Kernel v1.0.c(89,9): warning : 'sscanf' is deprecated: This function or variable may be unsafe. Consider using sscanf_s instead. To disable deprecation, use _CRT_SECURE_NO_WARNINGS. See online help for details. [-Wdeprecated-declarations]
C:\Program Files (x86)\Windows Kits\10\Include\10.0.19041.0\ucrt\stdio.h(2239,20): message : 'sscanf' has been explicitly marked deprecated here
C:\Program Files (x86)\Microsoft Visual Studio\2019\Community\VC\Tools\MSVC\14.29.30133\include\vcruntime.h(320,55): message : expanded from macro '_CRT_INSECURE_DEPRECATE'
C:\Program Files (x86)\Microsoft Visual Studio\2019\Community\VC\Tools\MSVC\14.29.30133\include\vcruntime.h(310,47): message : expanded from macro '_CRT_DEPRECATE_TEXT'
LewDos WIndows Kernel v1.0.c(93,9): warning : 'sscanf' is deprecated: This function or variable may be unsafe. Consider using sscanf_s instead. To disable deprecation, use _CRT_SECURE_NO_WARNINGS. See online help for details. [-Wdeprecated-declarations]
C:\Program Files (x86)\Windows Kits\10\Include\10.0.19041.0\ucrt\stdio.h(2239,20): message : 'sscanf' has been explicitly marked deprecated here
C:\Program Files (x86)\Microsoft Visual Studio\2019\Community\VC\Tools\MSVC\14.29.30133\include\vcruntime.h(320,55): message : expanded from macro '_CRT_INSECURE_DEPRECATE'
C:\Program Files (x86)\Microsoft Visual Studio\2019\Community\VC\Tools\MSVC\14.29.30133\include\vcruntime.h(310,47): message : expanded from macro '_CRT_DEPRECATE_TEXT'
LewDos WIndows Kernel v1.0.c(145,5): warning : 'sscanf' is deprecated: This function or variable may be unsafe. Consider using sscanf_s instead. To disable deprecation, use _CRT_SECURE_NO_WARNINGS. See online help for details. [-Wdeprecated-declarations]
C:\Program Files (x86)\Windows Kits\10\Include\10.0.19041.0\ucrt\stdio.h(2239,20): message : 'sscanf' has been explicitly marked deprecated here
C:\Program Files (x86)\Microsoft Visual Studio\2019\Community\VC\Tools\MSVC\14.29.30133\include\vcruntime.h(320,55): message : expanded from macro '_CRT_INSECURE_DEPRECATE'
C:\Program Files (x86)\Microsoft Visual Studio\2019\Community\VC\Tools\MSVC\14.29.30133\include\vcruntime.h(310,47): message : expanded from macro '_CRT_DEPRECATE_TEXT'
LewDos WIndows Kernel v1.0.c(154,9): warning : 'sscanf' is deprecated: This function or variable may be unsafe. Consider using sscanf_s instead. To disable deprecation, use _CRT_SECURE_NO_WARNINGS. See online help for details. [-Wdeprecated-declarations]
C:\Program Files (x86)\Windows Kits\10\Include\10.0.19041.0\ucrt\stdio.h(2239,20): message : 'sscanf' has been explicitly marked deprecated here
C:\Program Files (x86)\Microsoft Visual Studio\2019\Community\VC\Tools\MSVC\14.29.30133\include\vcruntime.h(320,55): message : expanded from macro '_CRT_INSECURE_DEPRECATE'
C:\Program Files (x86)\Microsoft Visual Studio\2019\Community\VC\Tools\MSVC\14.29.30133\include\vcruntime.h(310,47): message : expanded from macro '_CRT_DEPRECATE_TEXT'
LewDos WIndows Kernel v1.0.c(162,9): warning : 'sscanf' is deprecated: This function or variable may be unsafe. Consider using sscanf_s instead. To disable deprecation, use _CRT_SECURE_NO_WARNINGS. See online help for details. [-Wdeprecated-declarations]
C:\Program Files (x86)\Windows Kits\10\Include\10.0.19041.0\ucrt\stdio.h(2239,20): message : 'sscanf' has been explicitly marked deprecated here
C:\Program Files (x86)\Microsoft Visual Studio\2019\Community\VC\Tools\MSVC\14.29.30133\include\vcruntime.h(320,55): message : expanded from macro '_CRT_INSECURE_DEPRECATE'
C:\Program Files (x86)\Microsoft Visual Studio\2019\Community\VC\Tools\MSVC\14.29.30133\include\vcruntime.h(310,47): message : expanded from macro '_CRT_DEPRECATE_TEXT'
LewDos WIndows Kernel v1.0.c(166,9): warning : 'sscanf' is deprecated: This function or variable may be unsafe. Consider using sscanf_s instead. To disable deprecation, use _CRT_SECURE_NO_WARNINGS. See online help for details. [-Wdeprecated-declarations]
C:\Program Files (x86)\Windows Kits\10\Include\10.0.19041.0\ucrt\stdio.h(2239,20): message : 'sscanf' has been explicitly marked deprecated here
C:\Program Files (x86)\Microsoft Visual Studio\2019\Community\VC\Tools\MSVC\14.29.30133\include\vcruntime.h(320,55): message : expanded from macro '_CRT_INSECURE_DEPRECATE'
C:\Program Files (x86)\Microsoft Visual Studio\2019\Community\VC\Tools\MSVC\14.29.30133\include\vcruntime.h(310,47): message : expanded from macro '_CRT_DEPRECATE_TEXT'
LewDos WIndows Kernel v1.0.c(177,9): warning : 'sscanf' is deprecated: This function or variable may be unsafe. Consider using sscanf_s instead. To disable deprecation, use _CRT_SECURE_NO_WARNINGS. See online help for details. [-Wdeprecated-declarations]
C:\Program Files (x86)\Windows Kits\10\Include\10.0.19041.0\ucrt\stdio.h(2239,20): message : 'sscanf' has been explicitly marked deprecated here
C:\Program Files (x86)\Microsoft Visual Studio\2019\Community\VC\Tools\MSVC\14.29.30133\include\vcruntime.h(320,55): message : expanded from macro '_CRT_INSECURE_DEPRECATE'
C:\Program Files (x86)\Microsoft Visual Studio\2019\Community\VC\Tools\MSVC\14.29.30133\include\vcruntime.h(310,47): message : expanded from macro '_CRT_DEPRECATE_TEXT'
LewDos WIndows Kernel v1.0.c(185,9): warning : 'sscanf' is deprecated: This function or variable may be unsafe. Consider using sscanf_s instead. To disable deprecation, use _CRT_SECURE_NO_WARNINGS. See online help for details. [-Wdeprecated-declarations]
C:\Program Files (x86)\Windows Kits\10\Include\10.0.19041.0\ucrt\stdio.h(2239,20): message : 'sscanf' has been explicitly marked deprecated here
C:\Program Files (x86)\Microsoft Visual Studio\2019\Community\VC\Tools\MSVC\14.29.30133\include\vcruntime.h(320,55): message : expanded from macro '_CRT_INSECURE_DEPRECATE'
C:\Program Files (x86)\Microsoft Visual Studio\2019\Community\VC\Tools\MSVC\14.29.30133\include\vcruntime.h(310,47): message : expanded from macro '_CRT_DEPRECATE_TEXT'
LewDos WIndows Kernel v1.0.c(189,9): warning : 'sscanf' is deprecated: This function or variable may be unsafe. Consider using sscanf_s instead. To disable deprecation, use _CRT_SECURE_NO_WARNINGS. See online help for details. [-Wdeprecated-declarations]
C:\Program Files (x86)\Windows Kits\10\Include\10.0.19041.0\ucrt\stdio.h(2239,20): message : 'sscanf' has been explicitly marked deprecated here
C:\Program Files (x86)\Microsoft Visual Studio\2019\Community\VC\Tools\MSVC\14.29.30133\include\vcruntime.h(320,55): message : expanded from macro '_CRT_INSECURE_DEPRECATE'
C:\Program Files (x86)\Microsoft Visual Studio\2019\Community\VC\Tools\MSVC\14.29.30133\include\vcruntime.h(310,47): message : expanded from macro '_CRT_DEPRECATE_TEXT'
LewDos WIndows Kernel v1.0.c(195,16): warning : incompatible integer to pointer conversion returning 'int' from a function with result type 'int *' [-Wint-conversion]
LewDos WIndows Kernel v1.0.c(199,9): warning : 'sscanf' is deprecated: This function or variable may be unsafe. Consider using sscanf_s instead. To disable deprecation, use _CRT_SECURE_NO_WARNINGS. See online help for details. [-Wdeprecated-declarations]
C:\Program Files (x86)\Windows Kits\10\Include\10.0.19041.0\ucrt\stdio.h(2239,20): message : 'sscanf' has been explicitly marked deprecated here
C:\Program Files (x86)\Microsoft Visual Studio\2019\Community\VC\Tools\MSVC\14.29.30133\include\vcruntime.h(320,55): message : expanded from macro '_CRT_INSECURE_DEPRECATE'
C:\Program Files (x86)\Microsoft Visual Studio\2019\Community\VC\Tools\MSVC\14.29.30133\include\vcruntime.h(310,47): message : expanded from macro '_CRT_DEPRECATE_TEXT'
LewDos WIndows Kernel v1.0.c(207,9): warning : 'sscanf' is deprecated: This function or variable may be unsafe. Consider using sscanf_s instead. To disable deprecation, use _CRT_SECURE_NO_WARNINGS. See online help for details. [-Wdeprecated-declarations]
C:\Program Files (x86)\Windows Kits\10\Include\10.0.19041.0\ucrt\stdio.h(2239,20): message : 'sscanf' has been explicitly marked deprecated here
C:\Program Files (x86)\Microsoft Visual Studio\2019\Community\VC\Tools\MSVC\14.29.30133\include\vcruntime.h(320,55): message : expanded from macro '_CRT_INSECURE_DEPRECATE'
C:\Program Files (x86)\Microsoft Visual Studio\2019\Community\VC\Tools\MSVC\14.29.30133\include\vcruntime.h(310,47): message : expanded from macro '_CRT_DEPRECATE_TEXT'
LewDos WIndows Kernel v1.0.c(211,9): warning : 'sscanf' is deprecated: This function or variable may be unsafe. Consider using sscanf_s instead. To disable deprecation, use _CRT_SECURE_NO_WARNINGS. See online help for details. [-Wdeprecated-declarations]
C:\Program Files (x86)\Windows Kits\10\Include\10.0.19041.0\ucrt\stdio.h(2239,20): message : 'sscanf' has been explicitly marked deprecated here
C:\Program Files (x86)\Microsoft Visual Studio\2019\Community\VC\Tools\MSVC\14.29.30133\include\vcruntime.h(320,55): message : expanded from macro '_CRT_INSECURE_DEPRECATE'
C:\Program Files (x86)\Microsoft Visual Studio\2019\Community\VC\Tools\MSVC\14.29.30133\include\vcruntime.h(310,47): message : expanded from macro '_CRT_DEPRECATE_TEXT'
LewDos WIndows Kernel v1.0.c(409,22): warning : 'fopen' is deprecated: This function or variable may be unsafe. Consider using fopen_s instead. To disable deprecation, use _CRT_SECURE_NO_WARNINGS. See online help for details. [-Wdeprecated-declarations]
C:\Program Files (x86)\Windows Kits\10\Include\10.0.19041.0\ucrt\stdio.h(212,20): message : 'fopen' has been explicitly marked deprecated here
C:\Program Files (x86)\Microsoft Visual Studio\2019\Community\VC\Tools\MSVC\14.29.30133\include\vcruntime.h(320,55): message : expanded from macro '_CRT_INSECURE_DEPRECATE'
C:\Program Files (x86)\Microsoft Visual Studio\2019\Community\VC\Tools\MSVC\14.29.30133\include\vcruntime.h(310,47): message : expanded from macro '_CRT_DEPRECATE_TEXT'
LewDos WIndows Kernel v1.0.c(518,22): warning : 'fopen' is deprecated: This function or variable may be unsafe. Consider using fopen_s instead. To disable deprecation, use _CRT_SECURE_NO_WARNINGS. See online help for details. [-Wdeprecated-declarations]
C:\Program Files (x86)\Windows Kits\10\Include\10.0.19041.0\ucrt\stdio.h(212,20): message : 'fopen' has been explicitly marked deprecated here
C:\Program Files (x86)\Microsoft Visual Studio\2019\Community\VC\Tools\MSVC\14.29.30133\include\vcruntime.h(320,55): message : expanded from macro '_CRT_INSECURE_DEPRECATE'
C:\Program Files (x86)\Microsoft Visual Studio\2019\Community\VC\Tools\MSVC\14.29.30133\include\vcruntime.h(310,47): message : expanded from macro '_CRT_DEPRECATE_TEXT'
LewDos WIndows Kernel v1.0.c(536,16): warning : 'fopen' is deprecated: This function or variable may be unsafe. Consider using fopen_s instead. To disable deprecation, use _CRT_SECURE_NO_WARNINGS. See online help for details. [-Wdeprecated-declarations]
C:\Program Files (x86)\Windows Kits\10\Include\10.0.19041.0\ucrt\stdio.h(212,20): message : 'fopen' has been explicitly marked deprecated here
C:\Program Files (x86)\Microsoft Visual Studio\2019\Community\VC\Tools\MSVC\14.29.30133\include\vcruntime.h(320,55): message : expanded from macro '_CRT_INSECURE_DEPRECATE'
C:\Program Files (x86)\Microsoft Visual Studio\2019\Community\VC\Tools\MSVC\14.29.30133\include\vcruntime.h(310,47): message : expanded from macro '_CRT_DEPRECATE_TEXT'
LewDos WIndows Kernel v1.0.c(546,15): warning : 'fopen' is deprecated: This function or variable may be unsafe. Consider using fopen_s instead. To disable deprecation, use _CRT_SECURE_NO_WARNINGS. See online help for details. [-Wdeprecated-declarations]
C:\Program Files (x86)\Windows Kits\10\Include\10.0.19041.0\ucrt\stdio.h(212,20): message : 'fopen' has been explicitly marked deprecated here
C:\Program Files (x86)\Microsoft Visual Studio\2019\Community\VC\Tools\MSVC\14.29.30133\include\vcruntime.h(320,55): message : expanded from macro '_CRT_INSECURE_DEPRECATE'
C:\Program Files (x86)\Microsoft Visual Studio\2019\Community\VC\Tools\MSVC\14.29.30133\include\vcruntime.h(310,47): message : expanded from macro '_CRT_DEPRECATE_TEXT'
LewDos WIndows Kernel v1.0.c(557,9): warning : 'sscanf' is deprecated: This function or variable may be unsafe. Consider using sscanf_s instead. To disable deprecation, use _CRT_SECURE_NO_WARNINGS. See online help for details. [-Wdeprecated-declarations]
C:\Program Files (x86)\Windows Kits\10\Include\10.0.19041.0\ucrt\stdio.h(2239,20): message : 'sscanf' has been explicitly marked deprecated here
C:\Program Files (x86)\Microsoft Visual Studio\2019\Community\VC\Tools\MSVC\14.29.30133\include\vcruntime.h(320,55): message : expanded from macro '_CRT_INSECURE_DEPRECATE'
C:\Program Files (x86)\Microsoft Visual Studio\2019\Community\VC\Tools\MSVC\14.29.30133\include\vcruntime.h(310,47): message : expanded from macro '_CRT_DEPRECATE_TEXT'
LewDos WIndows Kernel v1.0.c(559,19): warning : 'fopen' is deprecated: This function or variable may be unsafe. Consider using fopen_s instead. To disable deprecation, use _CRT_SECURE_NO_WARNINGS. See online help for details. [-Wdeprecated-declarations]
C:\Program Files (x86)\Windows Kits\10\Include\10.0.19041.0\ucrt\stdio.h(212,20): message : 'fopen' has been explicitly marked deprecated here
C:\Program Files (x86)\Microsoft Visual Studio\2019\Community\VC\Tools\MSVC\14.29.30133\include\vcruntime.h(320,55): message : expanded from macro '_CRT_INSECURE_DEPRECATE'
C:\Program Files (x86)\Microsoft Visual Studio\2019\Community\VC\Tools\MSVC\14.29.30133\include\vcruntime.h(310,47): message : expanded from macro '_CRT_DEPRECATE_TEXT'
LewDos WIndows Kernel v1.0.c(563,13): warning : 'sscanf' is deprecated: This function or variable may be unsafe. Consider using sscanf_s instead. To disable deprecation, use _CRT_SECURE_NO_WARNINGS. See online help for details. [-Wdeprecated-declarations]
C:\Program Files (x86)\Windows Kits\10\Include\10.0.19041.0\ucrt\stdio.h(2239,20): message : 'sscanf' has been explicitly marked deprecated here
C:\Program Files (x86)\Microsoft Visual Studio\2019\Community\VC\Tools\MSVC\14.29.30133\include\vcruntime.h(320,55): message : expanded from macro '_CRT_INSECURE_DEPRECATE'
C:\Program Files (x86)\Microsoft Visual Studio\2019\Community\VC\Tools\MSVC\14.29.30133\include\vcruntime.h(310,47): message : expanded from macro '_CRT_DEPRECATE_TEXT'
LewDos WIndows Kernel v1.0.c(593,13): warning : 'strcpy' is deprecated: This function or variable may be unsafe. Consider using strcpy_s instead. To disable deprecation, use _CRT_SECURE_NO_WARNINGS. See online help for details. [-Wdeprecated-declarations]
C:\Program Files (x86)\Windows Kits\10\Include\10.0.19041.0\ucrt\string.h(130,1): message : 'strcpy' has been explicitly marked deprecated here
C:\Program Files (x86)\Windows Kits\10\Include\10.0.19041.0\ucrt\corecrt.h(821,5): message : expanded from macro '__DEFINE_CPP_OVERLOAD_STANDARD_FUNC_0_1'
C:\Program Files (x86)\Windows Kits\10\Include\10.0.19041.0\ucrt\corecrt.h(1880,17): message : expanded from macro '__DEFINE_CPP_OVERLOAD_STANDARD_FUNC_0_1_EX'
C:\Program Files (x86)\Microsoft Visual Studio\2019\Community\VC\Tools\MSVC\14.29.30133\include\vcruntime.h(320,55): message : expanded from macro '_CRT_INSECURE_DEPRECATE'
C:\Program Files (x86)\Microsoft Visual Studio\2019\Community\VC\Tools\MSVC\14.29.30133\include\vcruntime.h(310,47): message : expanded from macro '_CRT_DEPRECATE_TEXT'
  LewdOS V1.vcxproj -> C:\Users\onecu\source\repos\LewDos\x64\Debug\LewdOS V1.exe
